# JRE version: Java(TM) SE Runtime Environment (8.0_60-b27) (build 1.8.0_60-b27)
# Java VM: Java HotSpot(TM) 64-Bit Server VM (25.60-b23 mixed mode windows-amd64 compressed oops)
Heap:
 PSYoungGen      total 228352K, used 36761K [0x00000000eab00000, 0x00000000ff700000, 0x0000000100000000)
  eden space 212480K, 9% used [0x00000000eab00000,0x00000000ebf6b038,0x00000000f7a80000)
  from space 15872K, 99% used [0x00000000f8d80000,0x00000000f9cfb5b0,0x00000000f9d00000)
  to   space 19456K, 0% used [0x00000000f7a80000,0x00000000f7a80000,0x00000000f8d80000)
 ParOldGen       total 80896K, used 43241K [0x00000000c0000000, 0x00000000c4f00000, 0x00000000eab00000)
  object space 80896K, 53% used [0x00000000c0000000,0x00000000c2a3a778,0x00000000c4f00000)
 Metaspace       used 62377K, capacity 64762K, committed 65024K, reserved 1105920K
  class space    used 8302K, capacity 8867K, committed 8960K, reserved 1048576K
GC Heap History (10 events):
Event: 235.926 GC heap before
{Heap before GC invocations=17 (full 3):
 PSYoungGen      total 231936K, used 224452K [0x00000000eab00000, 0x00000000f9d00000, 0x0000000100000000)
  eden space 216064K, 100% used [0x00000000eab00000,0x00000000f7e00000,0x00000000f7e00000)
  from space 15872K, 52% used [0x00000000f7e00000,0x00000000f8631320,0x00000000f8d80000)
  to   space 15872K, 0% used [0x00000000f8d80000,0x00000000f8d80000,0x00000000f9d00000)
 ParOldGen       total 50176K, used 29663K [0x00000000c0000000, 0x00000000c3100000, 0x00000000eab00000)
  object space 50176K, 59% used [0x00000000c0000000,0x00000000c1cf7d90,0x00000000c3100000)
 Metaspace       used 55309K, capacity 56884K, committed 56960K, reserved 1097728K
  class space    used 7363K, capacity 7756K, committed 7808K, reserved 1048576K
Event: 235.993 GC heap after
Heap after GC invocations=17 (full 3):
 PSYoungGen      total 231936K, used 10871K [0x00000000eab00000, 0x00000000f9d00000, 0x0000000100000000)
  eden space 216064K, 0% used [0x00000000eab00000,0x00000000eab00000,0x00000000f7e00000)
  from space 15872K, 68% used [0x00000000f8d80000,0x00000000f981de80,0x00000000f9d00000)
  to   space 15872K, 0% used [0x00000000f7e00000,0x00000000f7e00000,0x00000000f8d80000)
 ParOldGen       total 50176K, used 35571K [0x00000000c0000000, 0x00000000c3100000, 0x00000000eab00000)
  object space 50176K, 70% used [0x00000000c0000000,0x00000000c22bcee8,0x00000000c3100000)
 Metaspace       used 55309K, capacity 56884K, committed 56960K, reserved 1097728K
  class space    used 7363K, capacity 7756K, committed 7808K, reserved 1048576K
}
Event: 245.132 GC heap before
{Heap before GC invocations=18 (full 3):
 PSYoungGen      total 231936K, used 93566K [0x00000000eab00000, 0x00000000f9d00000, 0x0000000100000000)
  eden space 216064K, 38% used [0x00000000eab00000,0x00000000efbc1c78,0x00000000f7e00000)
  from space 15872K, 68% used [0x00000000f8d80000,0x00000000f981de80,0x00000000f9d00000)
  to   space 15872K, 0% used [0x00000000f7e00000,0x00000000f7e00000,0x00000000f8d80000)
 ParOldGen       total 50176K, used 35571K [0x00000000c0000000, 0x00000000c3100000, 0x00000000eab00000)
  object space 50176K, 70% used [0x00000000c0000000,0x00000000c22bcee8,0x00000000c3100000)
 Metaspace       used 56430K, capacity 58002K, committed 58368K, reserved 1099776K
  class space    used 7474K, capacity 7825K, committed 7936K, reserved 1048576K
Event: 245.153 GC heap after
Heap after GC invocations=18 (full 3):
 PSYoungGen      total 231936K, used 2522K [0x00000000eab00000, 0x00000000f9d00000, 0x0000000100000000)
  eden space 216064K, 0% used [0x00000000eab00000,0x00000000eab00000,0x00000000f7e00000)
  from space 15872K, 15% used [0x00000000f7e00000,0x00000000f8076990,0x00000000f8d80000)
  to   space 15872K, 0% used [0x00000000f8d80000,0x00000000f8d80000,0x00000000f9d00000)
 ParOldGen       total 50176K, used 40835K [0x00000000c0000000, 0x00000000c3100000, 0x00000000eab00000)
  object space 50176K, 81% used [0x00000000c0000000,0x00000000c27e0d00,0x00000000c3100000)
 Metaspace       used 56430K, capacity 58002K, committed 58368K, reserved 1099776K
  class space    used 7474K, capacity 7825K, committed 7936K, reserved 1048576K
}
Event: 245.153 GC heap before
{Heap before GC invocations=19 (full 4):
 PSYoungGen      total 231936K, used 2522K [0x00000000eab00000, 0x00000000f9d00000, 0x0000000100000000)
  eden space 216064K, 0% used [0x00000000eab00000,0x00000000eab00000,0x00000000f7e00000)
  from space 15872K, 15% used [0x00000000f7e00000,0x00000000f8076990,0x00000000f8d80000)
  to   space 15872K, 0% used [0x00000000f8d80000,0x00000000f8d80000,0x00000000f9d00000)
 ParOldGen       total 50176K, used 40835K [0x00000000c0000000, 0x00000000c3100000, 0x00000000eab00000)
  object space 50176K, 81% used [0x00000000c0000000,0x00000000c27e0d00,0x00000000c3100000)
 Metaspace       used 56430K, capacity 58002K, committed 58368K, reserved 1099776K
  class space    used 7474K, capacity 7825K, committed 7936K, reserved 1048576K
Event: 245.997 GC heap after
Heap after GC invocations=19 (full 4):
 PSYoungGen      total 231936K, used 0K [0x00000000eab00000, 0x00000000f9d00000, 0x0000000100000000)
  eden space 216064K, 0% used [0x00000000eab00000,0x00000000eab00000,0x00000000f7e00000)
  from space 15872K, 0% used [0x00000000f7e00000,0x00000000f7e00000,0x00000000f8d80000)
  to   space 15872K, 0% used [0x00000000f8d80000,0x00000000f8d80000,0x00000000f9d00000)
 ParOldGen       total 50176K, used 41700K [0x00000000c0000000, 0x00000000c3100000, 0x00000000eab00000)
  object space 50176K, 83% used [0x00000000c0000000,0x00000000c28b9258,0x00000000c3100000)
 Metaspace       used 56430K, capacity 58002K, committed 58368K, reserved 1099776K
  class space    used 7474K, capacity 7825K, committed 7936K, reserved 1048576K
}
Event: 315.161 GC heap before
{Heap before GC invocations=20 (full 5):
 PSYoungGen      total 231936K, used 216064K [0x00000000eab00000, 0x00000000f9d00000, 0x0000000100000000)
  eden space 216064K, 100% used [0x00000000eab00000,0x00000000f7e00000,0x00000000f7e00000)
  from space 15872K, 0% used [0x00000000f7e00000,0x00000000f7e00000,0x00000000f8d80000)
  to   space 15872K, 0% used [0x00000000f8d80000,0x00000000f8d80000,0x00000000f9d00000)
 ParOldGen       total 50176K, used 41700K [0x00000000c0000000, 0x00000000c3100000, 0x00000000eab00000)
  object space 50176K, 83% used [0x00000000c0000000,0x00000000c28b9258,0x00000000c3100000)
 Metaspace       used 58487K, capacity 60212K, committed 60416K, reserved 1101824K
  class space    used 7716K, capacity 8098K, committed 8192K, reserved 1048576K
Event: 315.308 GC heap after
Heap after GC invocations=20 (full 5):
 PSYoungGen      total 231936K, used 0K [0x00000000eab00000, 0x00000000f9d00000, 0x0000000100000000)
  eden space 216064K, 0% used [0x00000000eab00000,0x00000000eab00000,0x00000000f7e00000)
  from space 15872K, 0% used [0x00000000f7e00000,0x00000000f7e00000,0x00000000f8d80000)
  to   space 15872K, 0% used [0x00000000f8d80000,0x00000000f8d80000,0x00000000f9d00000)
 ParOldGen       total 80896K, used 41356K [0x00000000c0000000, 0x00000000c4f00000, 0x00000000eab00000)
  object space 80896K, 51% used [0x00000000c0000000,0x00000000c2863030,0x00000000c4f00000)
 Metaspace       used 58487K, capacity 60212K, committed 60416K, reserved 1101824K
  class space    used 7716K, capacity 8098K, committed 8192K, reserved 1048576K
}
Event: 342.882 GC heap before
{Heap before GC invocations=21 (full 5):
 PSYoungGen      total 231936K, used 216064K [0x00000000eab00000, 0x00000000f9d00000, 0x0000000100000000)
  eden space 216064K, 100% used [0x00000000eab00000,0x00000000f7e00000,0x00000000f7e00000)
  from space 15872K, 0% used [0x00000000f7e00000,0x00000000f7e00000,0x00000000f8d80000)
  to   space 15872K, 0% used [0x00000000f8d80000,0x00000000f8d80000,0x00000000f9d00000)
 ParOldGen       total 80896K, used 41356K [0x00000000c0000000, 0x00000000c4f00000, 0x00000000eab00000)
  object space 80896K, 51% used [0x00000000c0000000,0x00000000c2863030,0x00000000c4f00000)
 Metaspace       used 62331K, capacity 64708K, committed 65024K, reserved 1105920K
  class space    used 8297K, capacity 8858K, committed 8960K, reserved 1048576K
Event: 342.967 GC heap after
Heap after GC invocations=21 (full 5):
 PSYoungGen      total 228352K, used 15853K [0x00000000eab00000, 0x00000000ff700000, 0x0000000100000000)
  eden space 212480K, 0% used [0x00000000eab00000,0x00000000eab00000,0x00000000f7a80000)
  from space 15872K, 99% used [0x00000000f8d80000,0x00000000f9cfb5b0,0x00000000f9d00000)
  to   space 19456K, 0% used [0x00000000f7a80000,0x00000000f7a80000,0x00000000f8d80000)
 ParOldGen       total 80896K, used 43241K [0x00000000c0000000, 0x00000000c4f00000, 0x00000000eab00000)
  object space 80896K, 53% used [0x00000000c0000000,0x00000000c2a3a778,0x00000000c4f00000)
 Metaspace       used 62331K, capacity 64708K, committed 65024K, reserved 1105920K
  class space    used 8297K, capacity 8858K, committed 8960K, reserved 1048576K
}

